------------------  MC Truth -----------------
Bottom hadrons MC history
idx: 1262, mother: 1
511 --> -411 321 -311

idx: 1313, mother: 21
-513 --> -511 22

idx: 1704, mother: -513
-511 --> 415 [1;32m13[0m [0;35m-14[0m



[Hard process] 5: 0.0103364, 0.041547
Recognized B(s) -> D* mu X in MC particle 1704: 
[1;36;m-511[0m --> 415 [1;32m13[0m [0;35m-14[0m
	415 --> [1;32m413[0m 111
		413 --> 421 211
			421 --> -321 211
		111 --> 22 22


415 mass: 2.5306 GeV
1704: -513 0 -511 0 415 13 -14 
MC muon pt=7.7 eta=0.70 IP=1.09e-03
------------------  MC Truth -----------------
Bottom hadrons MC history
idx: 1004, mother: 5
-523 --> -521 22

idx: 1423, mother: 2
513 --> 511 22

idx: 1657, mother: -523
-521 --> -433 423

idx: 1853, mother: 513
511 --> -10413 [1;32m-13[0m [0;35m14[0m



[Hard process] -5: 0.0102278, 0.04152
Recognized B(s) -> D* mu X in MC particle 1853: 
[1;36;m511[0m --> -10413 [1;32m-13[0m [0;35m14[0m
	-10413 --> [1;32m-413[0m 111
		-413 --> -421 -211
			-421 --> 321 -211
		111 --> 22 22


-10413 mass: 2.4266 GeV
1853: 513 0 511 0 -10413 -13 14 
MC muon pt=8.7 eta=0.32 IP=6.33e-03
------------------  MC Truth -----------------
Bottom hadrons MC history
idx: 1141, mother: 2
511 --> -10413 [1;32m-13[0m [0;35m14[0m

idx: 1188, mother: 5
-511 --> 411 111 -211 223 111



[Hard process] -5: 0.0104648, 0.0407141
Recognized B(s) -> D* mu X in MC particle 1141: 
[1;36;m511[0m --> -10413 [1;32m-13[0m [0;35m14[0m
	-10413 --> [1;32m-413[0m 111
		-413 --> -421 -211
			-421 --> 321 -211
		111 --> 22 22


-10413 mass: 2.4231 GeV
1141: 2 0 511 0 -10413 -13 14 
MC muon pt=16.9 eta=1.03 IP=1.86e-02
------------------  MC Truth -----------------
Bottom hadrons MC history
idx: 757, mother: 1
523 --> 521 22

idx: 845, mother: 5
-513 --> -511 22

idx: 1212, mother: 523
521 --> -421 211 111

idx: 1244, mother: -513
-511 --> 10413 [1;32m13[0m [0;35m-14[0m 22



[Hard process] 21: 0.0116815, 0.0418374
Recognized B(s) -> D* mu X in MC particle 1244: 
[1;36;m-511[0m --> 10413 [1;32m13[0m [0;35m-14[0m 22
	10413 --> [1;32m413[0m 111
		413 --> 421 211
			421 --> -321 211
		111 --> 22 22


10413 mass: 2.4282 GeV
1244: -513 0 -511 0 10413 13 -14 22 
MC muon pt=9.1 eta=-1.29 IP=3.32e-03
------------------  MC Truth -----------------
Bottom hadrons MC history
idx: 1029, mother: 1
513 --> 511 22

idx: 1210, mother: 5
-511 --> 10413 [1;32m13[0m [0;35m-14[0m

idx: 1509, mother: 513
511 --> [1;32m-413[0m [1;32m-13[0m [0;35m14[0m



[Hard process] -2: 0.0114441, 0.0416985
Recognized B(s) -> D* mu X in MC particle 1210: 
[1;36;m-511[0m --> 10413 [1;32m13[0m [0;35m-14[0m
	10413 --> [1;32m413[0m 111
		413 --> 421 211
			421 --> -321 211 22
		111 --> 22 22


10413 mass: 2.3859 GeV
1210: 5 0 -511 0 10413 13 -14 
MC muon pt=0.7 eta=-2.45 IP=8.30e-04
------------------  MC Truth -----------------
Bottom hadrons MC history
idx: 1135, mother: 1
513 --> 511 22

idx: 1296, mother: 5
-513 --> -511 22

idx: 1772, mother: 513
511 --> -423 -2112 2114

idx: 1830, mother: -513
-511 --> 415 [1;32m13[0m [0;35m-14[0m



[Hard process] 5: 0.0107481, 0.0418598
Recognized B(s) -> D* mu X in MC particle 1830: 
[1;36;m-511[0m --> 415 [1;32m13[0m [0;35m-14[0m
	415 --> [1;32m413[0m 111
		413 --> 421 211
			421 --> -321 211
		111 --> 22 22


415 mass: 2.4492 GeV
1830: -513 0 -511 0 415 13 -14 
MC muon pt=7.1 eta=1.57 IP=1.88e-02
------------------  MC Truth -----------------
Bottom hadrons MC history
idx: 708, mother: 2
521 --> 421 -421 323

idx: 723, mother: 5
-513 --> -511 22

idx: 1214, mother: -513
-511 --> 10413 [1;32m13[0m [0;35m-14[0m 22



[Hard process] 21: 0.0106695, 0.041673
Recognized B(s) -> D* mu X in MC particle 1214: 
[1;36;m-511[0m --> 10413 [1;32m13[0m [0;35m-14[0m 22
	10413 --> [1;32m413[0m 111
		413 --> 421 211
			421 --> -321 211
		111 --> 22 22


10413 mass: 2.4244 GeV
1214: -513 0 -511 0 10413 13 -14 22 
MC muon pt=9.8 eta=0.73 IP=4.94e-03
------------------  MC Truth -----------------
Bottom hadrons MC history
idx: 322, mother: 2
513 --> 511 22

idx: 408, mother: 5
-533 --> -531 22

idx: 605, mother: 513
511 --> -20413 [1;32m-13[0m [0;35m14[0m

idx: 631, mother: -533
-531 --> [0;35m-14[0m [1;32m13[0m 435



[Hard process] 21: 0.0105019, 0.0418012
Recognized B(s) -> D* mu X in MC particle 605: 
[1;36;m511[0m --> -20413 [1;32m-13[0m [0;35m14[0m
	-20413 --> [1;32m-413[0m 111
		-413 --> -421 -211
			-421 --> 321 -211
		111 --> 22 22


-20413 mass: 2.4922 GeV
605: 513 0 511 0 -20413 -13 14 
MC muon pt=12.4 eta=0.26 IP=3.21e-03
------------------  MC Truth -----------------
Bottom hadrons MC history
idx: 855, mother: 2
513 --> 511 22

idx: 893, mother: 5
-513 --> -511 22

idx: 1413, mother: 513
511 --> -20413 [1;32m-13[0m [0;35m14[0m

idx: 1429, mother: -513
-511 --> 20443 321 -211



[Hard process] 21: 0.0102156, 0.0418633
Recognized B(s) -> D* mu X in MC particle 1413: 
[1;36;m511[0m --> -20413 [1;32m-13[0m [0;35m14[0m
	-20413 --> [1;32m-413[0m 111
		-413 --> -421 -211
			-421 --> 321 -211 22
		111 --> 22 22


-20413 mass: 2.2688 GeV
1413: 513 0 511 0 -20413 -13 14 
MC muon pt=7.1 eta=-0.33 IP=2.00e-04
------------------  MC Truth -----------------
Bottom hadrons MC history
idx: 1745, mother: 1
513 --> 511 22

idx: 1936, mother: 5
-513 --> -511 22

idx: 3142, mother: -511
511 --> [1;32m-413[0m 431

idx: 3155, mother: 511
-511 --> 415 [1;32m13[0m [0;35m-14[0m



[Hard process] -5: 0.0102007, 0.0412107
Recognized B(s) -> D* mu X in MC particle 3155: 
[1;36;m-511[0m --> 415 [1;32m13[0m [0;35m-14[0m
	415 --> [1;32m413[0m 111
		413 --> 421 211
			421 --> -321 211
		111 --> 22 22


415 mass: 2.4351 GeV
3155: 511 0 -511 0 415 13 -14 
MC muon pt=14.1 eta=0.73 IP=2.04e-02
------------------  MC Truth -----------------
Bottom hadrons MC history
idx: 590, mother: 5
-511 --> [1;32m413[0m [1;35m11[0m [0;35m-12[0m

idx: 738, mother: 2
511 --> -10413 [1;32m-13[0m [0;35m14[0m



[Hard process] 21: 0.0106913, 0.0420424
Recognized B(s) -> D* mu X in MC particle 738: 
[1;36;m511[0m --> -10413 [1;32m-13[0m [0;35m14[0m
	-10413 --> [1;32m-413[0m 111
		-413 --> -421 -211
			-421 --> 321 -211
		111 --> 22 22


-10413 mass: 2.4263 GeV
738: 2 0 511 0 -10413 -13 14 
MC muon pt=7.7 eta=-1.18 IP=7.73e-04
------------------  MC Truth -----------------
Bottom hadrons MC history
idx: 818, mother: 5
-523 --> -521 22

idx: 965, mother: 2
513 --> 511 22

idx: 1302, mother: -523
-521 --> [0;35m-16[0m [1;35m15[0m 425

idx: 1363, mother: 513
511 --> -20413 [1;32m-13[0m [0;35m14[0m



[Hard process] 2: 0.0112741, 0.0425355
Recognized B(s) -> D* mu X in MC particle 1363: 
[1;36;m511[0m --> -20413 [1;32m-13[0m [0;35m14[0m
	-20413 --> [1;32m-413[0m 111
		-413 --> -421 -211
			-421 --> 321 -211
		111 --> 22 22


-20413 mass: 2.4469 GeV
1363: 513 0 511 0 -20413 -13 14 
MC muon pt=6.9 eta=1.22 IP=5.00e-03
------------------  MC Truth -----------------
Bottom hadrons MC history
idx: 545, mother: 5
-513 --> -511 22

idx: 646, mother: 1
513 --> 511 22

idx: 868, mother: 513
511 --> -20413 [1;32m-13[0m [0;35m14[0m

idx: 1036, mother: -511
511 --> [1;32m-413[0m 211 223



[Hard process] -5: 0.0103092, 0.0421823
Recognized B(s) -> D* mu X in MC particle 868: 
[1;36;m511[0m --> -20413 [1;32m-13[0m [0;35m14[0m
	-20413 --> [1;32m-413[0m 111
		-413 --> -421 -211
			-421 --> 321 -211
		111 --> 22 22


-20413 mass: 2.6954 GeV
868: 513 0 511 0 -20413 -13 14 
MC muon pt=8.2 eta=0.89 IP=3.69e-03
------------------  MC Truth -----------------
Bottom hadrons MC history
idx: 383, mother: 5
5122 --> 4312 311

idx: 501, mother: 2
513 --> 511 22

idx: 723, mother: 513
511 --> -415 [1;32m-13[0m [0;35m14[0m



[Hard process] 21: 0.0113894, 0.0417833
Recognized B(s) -> D* mu X in MC particle 723: 
[1;36;m511[0m --> -415 [1;32m-13[0m [0;35m14[0m
	-415 --> [1;32m-413[0m 111
		-413 --> -421 -211
			-421 --> 321 -211
		111 --> 22 22


-415 mass: 2.4729 GeV
723: 513 0 511 0 -415 -13 14 
MC muon pt=9.6 eta=1.24 IP=2.86e-03
------------------  MC Truth -----------------
Bottom hadrons MC history
idx: 750, mother: 2
513 --> 511 22

idx: 847, mother: 21
-523 --> -521 22

idx: 1109, mother: 513
511 --> -10413 [1;32m-13[0m [0;35m14[0m

idx: 1139, mother: -523
-521 --> [0;35m-12[0m [1;35m11[0m 20423



[Hard process] -5: 0.0111038, 0.0417718
Recognized B(s) -> D* mu X in MC particle 1109: 
[1;36;m511[0m --> -10413 [1;32m-13[0m [0;35m14[0m
	-10413 --> [1;32m-413[0m 111
		-413 --> -421 -211
			-421 --> 321 -211 22
		111 --> 22 22


-10413 mass: 2.4206 GeV
1109: 513 0 511 0 -10413 -13 14 
MC muon pt=6.9 eta=0.20 IP=9.36e-02
------------------  MC Truth -----------------
Bottom hadrons MC history
idx: 478, mother: 5
-513 --> -511 22

idx: 655, mother: 1
513 --> 511 22

idx: 914, mother: -511
511 --> [1;32m-413[0m [1;32m-13[0m [0;35m14[0m

idx: 929, mother: 511
-511 --> [1;32m413[0m 111 [1;32m13[0m [0;35m-14[0m



[Hard process] 5: 0.0102288, 0.0415555
Recognized B(s) -> D* mu X in MC particle 929: 
[1;36;m-511[0m --> [1;32m413[0m 111 [1;32m13[0m [0;35m-14[0m
	413 --> 421 211
		421 --> -321 211
	111 --> 22 22


413 mass: 2.0108 GeV
929: 511 0 -511 0 413 111 13 -14 
MC muon pt=1.3 eta=-0.19 IP=5.20e-03
------------------  MC Truth -----------------
Bottom hadrons MC history
idx: 654, mother: 2
523 --> 521 22

idx: 669, mother: 5
-513 --> -511 22

idx: 1095, mother: 523
521 --> 433 -423

idx: 1097, mother: -513
-511 --> 415 [1;32m13[0m [0;35m-14[0m



[Hard process] 21: 0.0101587, 0.0418518
Recognized B(s) -> D* mu X in MC particle 1097: 
[1;36;m-511[0m --> 415 [1;32m13[0m [0;35m-14[0m
	415 --> [1;32m413[0m 111
		413 --> 421 211
			421 --> -321 211 22
		111 --> 22 22


415 mass: 2.4607 GeV
1097: -513 0 -511 0 415 13 -14 
MC muon pt=6.9 eta=-1.43 IP=7.64e-04
------------------  MC Truth -----------------
Bottom hadrons MC history
idx: 1149, mother: 2
523 --> 521 22

idx: 1243, mother: 5
-513 --> -511 22

idx: 1762, mother: 523
521 --> -423 421 323

idx: 1796, mother: -513
-511 --> 10413 [1;32m13[0m [0;35m-14[0m



[Hard process] 5: 0.0110528, 0.0410292
Recognized B(s) -> D* mu X in MC particle 1796: 
[1;36;m-511[0m --> 10413 [1;32m13[0m [0;35m-14[0m
	10413 --> [1;32m413[0m 111
		413 --> 421 211
			421 --> -321 211 22
		111 --> 22 22


10413 mass: 2.4165 GeV
1796: -513 0 -511 0 10413 13 -14 
MC muon pt=6.8 eta=0.41 IP=4.58e-03
------------------  MC Truth -----------------
Bottom hadrons MC history
idx: 416, mother: 2
513 --> 511 22

idx: 465, mother: 5
5324 --> 5232 22

idx: 701, mother: 513
511 --> -10413 [1;32m-13[0m [0;35m14[0m

idx: 717, mother: 5324
5232 --> 3212 -3212 4132



[Hard process] 21: 0.0103481, 0.0416031
Recognized B(s) -> D* mu X in MC particle 701: 
[1;36;m511[0m --> -10413 [1;32m-13[0m [0;35m14[0m
	-10413 --> [1;32m-413[0m 111
		-413 --> -421 -211
			-421 --> 321 -211
		111 --> 22 22


-10413 mass: 2.4263 GeV
701: 513 0 511 0 -10413 -13 14 
MC muon pt=6.7 eta=-0.53 IP=3.54e-03
------------------  MC Truth -----------------
Bottom hadrons MC history
idx: 421, mother: 5
-511 --> 10413 [1;32m13[0m [0;35m-14[0m

idx: 465, mother: 1
-5122 --> -431 113 213 323 -2212



[Hard process] 21: 0.00993926, 0.0403905
Recognized B(s) -> D* mu X in MC particle 421: 
[1;36;m-511[0m --> 10413 [1;32m13[0m [0;35m-14[0m
	10413 --> [1;32m413[0m 111
		413 --> 421 211
			421 --> -321 211
		111 --> 22 22


10413 mass: 2.7686 GeV
421: 5 0 -511 0 10413 13 -14 
MC muon pt=6.8 eta=-0.92 IP=2.55e-02
------------------  MC Truth -----------------
Bottom hadrons MC history
idx: 658, mother: 5
-511 --> 415 [1;32m13[0m [0;35m-14[0m

idx: 720, mother: 3
513 --> 511 22

idx: 1297, mother: 511
-511 --> [1;32m-413[0m -211 411 211



[Hard process] 21: 0.0107146, 0.0416482
Recognized B(s) -> D* mu X in MC particle 658: 
[1;36;m-511[0m --> 415 [1;32m13[0m [0;35m-14[0m
	415 --> [1;32m413[0m 111
		413 --> 421 211
			421 --> -321 211
		111 --> 22 22


415 mass: 2.4391 GeV
658: 5 0 -511 0 415 13 -14 
MC muon pt=12.2 eta=0.15 IP=1.40e-02
------------------  MC Truth -----------------
Bottom hadrons MC history
idx: 159, mother: 5
-513 --> -511 22

idx: 177, mother: 4
513 --> 511 22

idx: 273, mother: -513
-511 --> 20413 [1;35m11[0m [0;35m-12[0m

idx: 288, mother: 513
511 --> -415 [1;32m-13[0m [0;35m14[0m



[Hard process] 21: 0.0107626, 0.0412233
Recognized B(s) -> D* mu X in MC particle 288: 
[1;36;m511[0m --> -415 [1;32m-13[0m [0;35m14[0m
	-415 --> [1;32m-413[0m 111
		-413 --> -421 -211
			-421 --> 321 -211
		111 --> 22 22


-415 mass: 2.4565 GeV
288: 513 0 511 0 -415 -13 14 
MC muon pt=6.8 eta=-0.62 IP=5.26e-03
------------------  MC Truth -----------------
Bottom hadrons MC history
idx: 262, mother: 5
-513 --> -511 22

idx: 375, mother: 2
-5214 --> -5122 111

idx: 466, mother: -513
-511 --> 10413 [1;32m13[0m [0;35m-14[0m

idx: 522, mother: -5214
-5122 --> [0;35m14[0m [1;32m-13[0m -4122



[Hard process] 5: 0.0109118, 0.0410163
Recognized B(s) -> D* mu X in MC particle 466: 
[1;36;m-511[0m --> 10413 [1;32m13[0m [0;35m-14[0m
	10413 --> [1;32m413[0m 111
		413 --> 421 211
			421 --> -321 211 22
		111 --> 22 22


10413 mass: 2.4287 GeV
466: -513 0 -511 0 10413 13 -14 
MC muon pt=6.8 eta=-1.07 IP=1.28e-02
------------------  MC Truth -----------------
Bottom hadrons MC history
idx: 230, mother: 2
523 --> 521 22

idx: 339, mother: 5
-513 --> -511 22

idx: 512, mother: 523
521 --> [0;35m14[0m [1;32m-13[0m -425

idx: 562, mother: -513
-511 --> 10413 [1;32m13[0m [0;35m-14[0m



[Hard process] 3: 0.0101339, 0.0420014
Recognized B(s) -> D* mu X in MC particle 562: 
[1;36;m-511[0m --> 10413 [1;32m13[0m [0;35m-14[0m
	10413 --> [1;32m413[0m 111
		413 --> 421 211
			421 --> -321 211
		111 --> 22 22


10413 mass: 2.4279 GeV
562: -513 0 -511 0 10413 13 -14 
MC muon pt=8.0 eta=1.18 IP=3.48e-04
------------------  MC Truth -----------------
Bottom hadrons MC history
idx: 498, mother: 3
523 --> 521 22

idx: 504, mother: 5
-513 --> -511 22

idx: 714, mother: 523
521 --> [0;35m14[0m [1;32m-13[0m -423

idx: 716, mother: -513
-511 --> 20413 [1;32m13[0m [0;35m-14[0m



[Hard process] -1: 0.0107096, 0.0416946
Recognized B(s) -> D* mu X in MC particle 716: 
[1;36;m-511[0m --> 20413 [1;32m13[0m [0;35m-14[0m
	20413 --> [1;32m413[0m 111
		413 --> 421 211
			421 --> -321 211
		111 --> 22 22


20413 mass: 2.6674 GeV
716: -513 0 -511 0 20413 13 -14 
MC muon pt=10.8 eta=-0.09 IP=1.82e-02
------------------  MC Truth -----------------
Bottom hadrons MC history
idx: 713, mother: 5
-513 --> -511 22

idx: 894, mother: 2
533 --> 531 22

idx: 1191, mother: -513
-511 --> 415 [1;32m13[0m [0;35m-14[0m

idx: 1264, mother: 533
531 --> 433 -211 213 -211 211 111 -211



[Hard process] 2: 0.0112741, 0.042037
Recognized B(s) -> D* mu X in MC particle 1191: 
[1;36;m-511[0m --> 415 [1;32m13[0m [0;35m-14[0m
	415 --> [1;32m413[0m 111
		413 --> 421 211
			421 --> -321 211
		111 --> 22 22


415 mass: 2.7309 GeV
1191: -513 0 -511 0 415 13 -14 
MC muon pt=8.6 eta=0.97 IP=5.28e-03
------------------  MC Truth -----------------
Bottom hadrons MC history
idx: 1071, mother: 1
513 --> 511 22

idx: 1159, mother: 5
-511 --> [1;32m413[0m [1;32m13[0m [0;35m-14[0m

idx: 1673, mother: 513
511 --> -10413 [1;32m-13[0m [0;35m14[0m



[Hard process] -5: 0.0104781, 0.0417415
Recognized B(s) -> D* mu X in MC particle 1673: 
[1;36;m511[0m --> -10413 [1;32m-13[0m [0;35m14[0m
	-10413 --> [1;32m-413[0m 111
		-413 --> -421 -211
			-421 --> 321 -211
		111 --> 22 22


-10413 mass: 2.4323 GeV
1673: 513 0 511 0 -10413 -13 14 
MC muon pt=9.4 eta=0.91 IP=1.05e-02
------------------  MC Truth -----------------
Bottom hadrons MC history
idx: 1035, mother: 2
531 --> 435 -211

idx: 1053, mother: 5
-513 --> -511 22

idx: 1440, mother: -513
-511 --> 10413 [1;32m13[0m [0;35m-14[0m



[Hard process] 5: 0.0103886, 0.042055
Recognized B(s) -> D* mu X in MC particle 1440: 
[1;36;m-511[0m --> 10413 [1;32m13[0m [0;35m-14[0m
	10413 --> [1;32m413[0m 111
		413 --> 421 211
			421 --> -321 211 22
		111 --> 22 22


10413 mass: 2.4128 GeV
1440: -513 0 -511 0 10413 13 -14 
MC muon pt=6.8 eta=-1.48 IP=2.04e-03
------------------  MC Truth -----------------
Bottom hadrons MC history
idx: 890, mother: 2
521 --> -421 211 211 -211

idx: 945, mother: 5
-513 --> -511 22

idx: 1373, mother: -513
-511 --> 10413 [1;32m13[0m [0;35m-14[0m



[Hard process] 21: 0.0114042, 0.0411846
Recognized B(s) -> D* mu X in MC particle 1373: 
[1;36;m-511[0m --> 10413 [1;32m13[0m [0;35m-14[0m
	10413 --> [1;32m413[0m 111
		413 --> 421 211
			421 --> -321 211 22
		111 --> 22 22


10413 mass: 2.4295 GeV
1373: -513 0 -511 0 10413 13 -14 
MC muon pt=7.2 eta=0.80 IP=2.36e-03
------------------  MC Truth -----------------
Bottom hadrons MC history
idx: 1111, mother: 5
-513 --> -511 22

idx: 1160, mother: 1
523 --> 521 22

idx: 1515, mother: -513
-511 --> 20413 [1;32m13[0m [0;35m-14[0m

idx: 1548, mother: 523
521 --> -421 211



[Hard process] 5: 0.0112127, 0.0416501
Recognized B(s) -> D* mu X in MC particle 1515: 
[1;36;m-511[0m --> 20413 [1;32m13[0m [0;35m-14[0m
	20413 --> [1;32m413[0m 111
		413 --> 421 211
			421 --> -321 211
		111 --> 22 22


20413 mass: 2.2118 GeV
1515: -513 0 -511 0 20413 13 -14 
MC muon pt=7.0 eta=0.93 IP=1.33e-02
------------------  MC Truth -----------------
Bottom hadrons MC history
idx: 578, mother: 5
-523 --> -521 22

idx: 637, mother: 3
513 --> 511 22

idx: 1007, mother: -523
-521 --> [1;32m413[0m 2112 -2224

idx: 1226, mother: 511
-511 --> 10413 [1;32m13[0m [0;35m-14[0m



[Hard process] -5: 0.0102675, 0.0415372
Recognized B(s) -> D* mu X in MC particle 1226: 
[1;36;m-511[0m --> 10413 [1;32m13[0m [0;35m-14[0m
	10413 --> [1;32m413[0m 111
		413 --> 421 211
			421 --> -321 211
		111 --> 22 22


10413 mass: 2.4248 GeV
1226: 511 0 -511 0 10413 13 -14 
MC muon pt=9.0 eta=0.23 IP=7.17e-03
------------------  MC Truth -----------------
Bottom hadrons MC history
idx: 167, mother: 5
-531 --> -431 111 211 113 313 -311

idx: 202, mother: 2
511 --> -10413 [1;32m-13[0m [0;35m14[0m 22



[Hard process] -5: 0.0114268, 0.0408784
Recognized B(s) -> D* mu X in MC particle 202: 
[1;36;m511[0m --> -10413 [1;32m-13[0m [0;35m14[0m 22
	-10413 --> [1;32m-413[0m 111
		-413 --> -421 -211
			-421 --> 321 -211
		111 --> 22 22


-10413 mass: 2.4193 GeV
202: 2 0 511 0 -10413 -13 14 22 
MC muon pt=8.2 eta=-0.88 IP=1.22e-02
------------------  MC Truth -----------------
Bottom hadrons MC history
idx: 615, mother: 5
-523 --> -521 22

idx: 648, mother: 5
-513 --> -511 22

idx: 681, mother: 2
521 --> -421 421 323

idx: 711, mother: 1
513 --> 511 22

idx: 999, mother: -523
-521 --> 423 -421 -323

idx: 1014, mother: -513
-511 --> -433 411

idx: 1051, mother: 513
511 --> -10413 [1;32m-13[0m [0;35m14[0m



[Hard process] -3: 0.0102549, 0.0414407
Recognized B(s) -> D* mu X in MC particle 1051: 
[1;36;m511[0m --> -10413 [1;32m-13[0m [0;35m14[0m
	-10413 --> [1;32m-413[0m 111
		-413 --> -421 -211
			-421 --> 321 -211
		111 --> 22 22


-10413 mass: 2.4253 GeV
1051: 513 0 511 0 -10413 -13 14 
MC muon pt=19.8 eta=0.73 IP=1.20e-02
------------------  MC Truth -----------------
Bottom hadrons MC history
idx: 660, mother: 5
-513 --> -511 22

idx: 774, mother: 3
523 --> 521 22

idx: 1197, mother: -513
-511 --> 10413 [1;32m13[0m [0;35m-14[0m 22

idx: 1233, mother: 523
521 --> [0;35m12[0m [1;35m-11[0m -423



[Hard process] 21: 0.0101885, 0.0419057
Recognized B(s) -> D* mu X in MC particle 1197: 
[1;36;m-511[0m --> 10413 [1;32m13[0m [0;35m-14[0m 22
	10413 --> [1;32m413[0m 111
		413 --> 421 211
			421 --> -321 211
		111 --> 22 22


10413 mass: 2.4320 GeV
1197: -513 0 -511 0 10413 13 -14 22 
MC muon pt=7.5 eta=-0.34 IP=1.99e-03
------------------  MC Truth -----------------
Bottom hadrons MC history
idx: 390, mother: 5
-511 --> [1;32m413[0m [1;32m13[0m [0;35m-14[0m 22

idx: 469, mother: 2
513 --> 511 22

idx: 811, mother: 513
511 --> -415 [1;32m-13[0m [0;35m14[0m



[Hard process] 21: 0.0112311, 0.0416597
Recognized B(s) -> D* mu X in MC particle 811: 
[1;36;m511[0m --> -415 [1;32m-13[0m [0;35m14[0m
	-415 --> [1;32m-413[0m 111
		-413 --> -421 -211
			-421 --> 321 -211
		111 --> 22 22


-415 mass: 2.4733 GeV
811: 513 0 511 0 -415 -13 14 
MC muon pt=15.8 eta=0.78 IP=8.23e-03
------------------  MC Truth -----------------
Bottom hadrons MC history
idx: 157, mother: 5
-511 --> 20413 [1;32m13[0m [0;35m-14[0m

idx: 280, mother: 2
523 --> 521 22

idx: 439, mother: 523
521 --> -10423 213



[Hard process] 2: 0.0111574, 0.0417511
Recognized B(s) -> D* mu X in MC particle 157: 
[1;36;m-511[0m --> 20413 [1;32m13[0m [0;35m-14[0m
	20413 --> [1;32m413[0m 111
		413 --> 421 211
			421 --> -321 211
		111 --> [1;35m-11[0m [1;35m11[0m 22


20413 mass: 2.2010 GeV
157: 5 0 -511 0 20413 13 -14 
MC muon pt=7.1 eta=1.44 IP=1.79e-03
------------------  MC Truth -----------------
Bottom hadrons MC history
idx: 1116, mother: 5
-521 --> -433 423

idx: 1527, mother: 2
513 --> 511 22

idx: 2041, mother: 513
511 --> -20413 [1;32m-13[0m [0;35m14[0m



[Hard process] 21: 0.0109122, 0.0418165
Recognized B(s) -> D* mu X in MC particle 2041: 
[1;36;m511[0m --> -20413 [1;32m-13[0m [0;35m14[0m
	-20413 --> [1;32m-413[0m 111
		-413 --> -421 -211
			-421 --> 321 -211
		111 --> 22 22


-20413 mass: 2.6062 GeV
2041: 513 0 511 0 -20413 -13 14 
MC muon pt=13.0 eta=0.33 IP=9.98e-03
------------------  MC Truth -----------------
Bottom hadrons MC history
idx: 312, mother: 3
513 --> 511 22

idx: 380, mother: 5
-523 --> -521 22

idx: 608, mother: 513
511 --> -10413 [1;32m-13[0m [0;35m14[0m

idx: 645, mother: -523
-521 --> -433 421



[Hard process] 2: 0.0107691, 0.0409086
Recognized B(s) -> D* mu X in MC particle 608: 
[1;36;m511[0m --> -10413 [1;32m-13[0m [0;35m14[0m
	-10413 --> [1;32m-413[0m 111
		-413 --> -421 -211
			-421 --> 321 -211 22
		111 --> 22 22


-10413 mass: 2.4301 GeV
608: 513 0 511 0 -10413 -13 14 
MC muon pt=6.8 eta=0.09 IP=2.75e-04
------------------  MC Truth -----------------
Bottom hadrons MC history
idx: 182, mother: 2
513 --> 511 22

idx: 192, mother: 5
-513 --> -511 22

idx: 332, mother: 513
511 --> -20413 [1;32m-13[0m [0;35m14[0m

idx: 334, mother: -513
-511 --> 411 111 [1;35m11[0m [0;35m-12[0m



[Hard process] 21: 0.0104383, 0.0413508
Recognized B(s) -> D* mu X in MC particle 332: 
[1;36;m511[0m --> -20413 [1;32m-13[0m [0;35m14[0m
	-20413 --> [1;32m-413[0m 111
		-413 --> -421 -211
			-421 --> 321 -211
		111 --> 22 22


-20413 mass: 2.2732 GeV
332: 513 0 511 0 -20413 -13 14 
MC muon pt=11.9 eta=0.28 IP=8.52e-03
------------------  MC Truth -----------------
Bottom hadrons MC history
idx: 702, mother: 5
-511 --> 10413 [1;32m13[0m [0;35m-14[0m

idx: 789, mother: 2
521 --> -423 211 111 111 223 -211 211 221



[Hard process] 3: 0.0108945, 0.0415601
Recognized B(s) -> D* mu X in MC particle 702: 
[1;36;m-511[0m --> 10413 [1;32m13[0m [0;35m-14[0m
	10413 --> [1;32m413[0m 111
		413 --> 421 211
			421 --> -321 211
		111 --> 22 22


10413 mass: 2.4432 GeV
702: 5 0 -511 0 10413 13 -14 
MC muon pt=9.5 eta=-1.56 IP=3.10e-03
------------------  MC Truth -----------------
Bottom hadrons MC history
idx: 348, mother: 5
-523 --> -521 22

idx: 510, mother: 2
511 --> -20413 [1;32m-13[0m [0;35m14[0m

idx: 696, mother: -523
-521 --> -431 411 -211



[Hard process] 21: 0.0106112, 0.0419511
Recognized B(s) -> D* mu X in MC particle 510: 
[1;36;m511[0m --> -20413 [1;32m-13[0m [0;35m14[0m
	-20413 --> [1;32m-413[0m 111
		-413 --> -421 -211
			-421 --> 321 -211
		111 --> 22 22


-20413 mass: 2.6862 GeV
510: 2 0 511 0 -20413 -13 14 
MC muon pt=7.3 eta=-0.98 IP=1.06e-02
------------------  MC Truth -----------------
Bottom hadrons MC history
idx: 679, mother: 3
531 --> 311 113 113 -311 333

idx: 1595, mother: -511
511 --> -20413 [1;32m-13[0m [0;35m14[0m



[Hard process] 21: 0.0109661, 0.0414897
Recognized B(s) -> D* mu X in MC particle 1595: 
[1;36;m511[0m --> -20413 [1;32m-13[0m [0;35m14[0m
	-20413 --> [1;32m-413[0m 111
		-413 --> -421 -211
			-421 --> 321 -211 22
		111 --> 22 22


-20413 mass: 2.3163 GeV
1595: -511 0 511 0 -20413 -13 14 
MC muon pt=6.8 eta=-1.00 IP=9.74e-03
------------------  MC Truth -----------------
Bottom hadrons MC history
idx: 493, mother: 5
-513 --> -511 22

idx: 605, mother: 1
521 --> -423 211 -213 213

idx: 785, mother: -513
-511 --> 10413 [1;32m13[0m [0;35m-14[0m



[Hard process] 21: 0.0110161, 0.0417143
Recognized B(s) -> D* mu X in MC particle 785: 
[1;36;m-511[0m --> 10413 [1;32m13[0m [0;35m-14[0m
	10413 --> [1;32m413[0m 111
		413 --> 421 211
			421 --> -321 211
		111 --> 22 22


10413 mass: 2.4300 GeV
785: -513 0 -511 0 10413 13 -14 
MC muon pt=8.9 eta=-1.47 IP=7.02e-02
------------------  MC Truth -----------------
Bottom hadrons MC history
idx: 1036, mother: 2
513 --> 511 22

idx: 1468, mother: 1
-533 --> -531 22

idx: 1734, mother: 513
511 --> -20413 [1;32m-13[0m [0;35m14[0m

idx: 1940, mother: -533
-531 --> [0;35m14[0m [1;32m-13[0m -10433



[Hard process] 21: 0.0111396, 0.0414765
Recognized B(s) -> D* mu X in MC particle 1734: 
[1;36;m511[0m --> -20413 [1;32m-13[0m [0;35m14[0m
	-20413 --> [1;32m-413[0m 111
		-413 --> -421 -211
			-421 --> 321 -211
		111 --> 22 22


-20413 mass: 2.5761 GeV
1734: 513 0 511 0 -20413 -13 14 
MC muon pt=8.9 eta=-0.59 IP=3.09e-03
------------------  MC Truth -----------------
Bottom hadrons MC history
idx: 539, mother: 5
-513 --> -511 22

idx: 626, mother: 2
513 --> 511 22

idx: 833, mother: -513
-511 --> 411 111 -2214 211 1114 111

idx: 873, mother: 513
511 --> -20413 [1;32m-13[0m [0;35m14[0m



[Hard process] -5: 0.0109893, 0.0419855
Recognized B(s) -> D* mu X in MC particle 873: 
[1;36;m511[0m --> -20413 [1;32m-13[0m [0;35m14[0m
	-20413 --> [1;32m-413[0m 111
		-413 --> -421 -211
			-421 --> 321 -211 22
		111 --> 22 22


-20413 mass: 2.6368 GeV
873: 513 0 511 0 -20413 -13 14 
MC muon pt=14.8 eta=-1.16 IP=3.72e-02
------------------  MC Truth -----------------
Bottom hadrons MC history
idx: 832, mother: 2
523 --> 521 22

idx: 942, mother: 5
-511 --> 20413 [1;32m13[0m [0;35m-14[0m

idx: 1378, mother: 523
521 --> [0;35m12[0m [1;35m-11[0m -421



[Hard process] 21: 0.0106936, 0.0413937
Recognized B(s) -> D* mu X in MC particle 942: 
[1;36;m-511[0m --> 20413 [1;32m13[0m [0;35m-14[0m
	20413 --> [1;32m413[0m 111
		413 --> 421 211
			421 --> -321 211
		111 --> 22 22


20413 mass: 2.4873 GeV
942: 5 0 -511 0 20413 13 -14 
MC muon pt=7.3 eta=1.09 IP=1.32e-03
------------------  MC Truth -----------------
Bottom hadrons MC history
idx: 1093, mother: 5
-513 --> -511 22

idx: 1289, mother: 2
513 --> 511 22

idx: 1822, mother: -513
-511 --> -431 411 211 -211

idx: 1904, mother: 513
511 --> [1;32m-413[0m 111 [1;32m-13[0m [0;35m14[0m



[Hard process] 21: 0.00997474, 0.0417476
Recognized B(s) -> D* mu X in MC particle 1904: 
[1;36;m511[0m --> [1;32m-413[0m 111 [1;32m-13[0m [0;35m14[0m
	-413 --> -421 -211
		-421 --> 321 -211
	111 --> 22 22


-413 mass: 2.0102 GeV
1904: 513 0 511 0 -413 111 -13 14 
MC muon pt=8.7 eta=-1.32 IP=2.13e-02
------------------  MC Truth -----------------
Bottom hadrons MC history
idx: 747, mother: 3
521 --> [0;35m14[0m [1;32m-13[0m -421

idx: 808, mother: 5
-513 --> -511 22

idx: 1229, mother: -513
-511 --> 20413 [1;32m13[0m [0;35m-14[0m



[Hard process] 21: 0.0109852, 0.0415457
Recognized B(s) -> D* mu X in MC particle 1229: 
[1;36;m-511[0m --> 20413 [1;32m13[0m [0;35m-14[0m
	20413 --> [1;32m413[0m 111
		413 --> 421 211
			421 --> -321 211 22
		111 --> 22 22


20413 mass: 2.4148 GeV
1229: -513 0 -511 0 20413 13 -14 
MC muon pt=9.9 eta=0.97 IP=2.22e-03
------------------  MC Truth -----------------
Bottom hadrons MC history
idx: 1151, mother: 2
523 --> 521 22

idx: 1174, mother: 5
-513 --> -511 22

idx: 1649, mother: 523
521 --> 20213 -423

idx: 1659, mother: -513
-511 --> 20413 [1;32m13[0m [0;35m-14[0m 22



[Hard process] 21: 0.0113567, 0.041967
Recognized B(s) -> D* mu X in MC particle 1659: 
[1;36;m-511[0m --> 20413 [1;32m13[0m [0;35m-14[0m 22
	20413 --> [1;32m413[0m 111
		413 --> 421 211
			421 --> -321 211
		111 --> 22 22


20413 mass: 2.2917 GeV
1659: -513 0 -511 0 20413 13 -14 22 
MC muon pt=8.7 eta=-1.58 IP=7.61e-03
------------------  MC Truth -----------------
Bottom hadrons MC history
idx: 188, mother: 5
-523 --> -521 22

idx: 293, mother: 2
513 --> 511 22

idx: 370, mother: -523
-521 --> 100443 -321

idx: 480, mother: 511
-511 --> 20413 [1;32m13[0m [0;35m-14[0m



[Hard process] -5: 0.0112327, 0.0422517
Recognized B(s) -> D* mu X in MC particle 480: 
[1;36;m-511[0m --> 20413 [1;32m13[0m [0;35m-14[0m
	20413 --> [1;32m413[0m 111
		413 --> 421 211
			421 --> -321 211 22
		111 --> 22 22


20413 mass: 2.3157 GeV
480: 511 0 -511 0 20413 13 -14 
MC muon pt=9.3 eta=1.47 IP=3.49e-02
------------------  MC Truth -----------------
Bottom hadrons MC history
idx: 850, mother: 1
513 --> 511 22

idx: 875, mother: 5
-523 --> -521 22

idx: 1477, mother: 513
511 --> -20413 [1;32m-13[0m [0;35m14[0m

idx: 1479, mother: -523
-521 --> -323 421 331 111 223



[Hard process] 21: 0.0112349, 0.0419565
Recognized B(s) -> D* mu X in MC particle 1477: 
[1;36;m511[0m --> -20413 [1;32m-13[0m [0;35m14[0m
	-20413 --> [1;32m-413[0m 111
		-413 --> -421 -211
			-421 --> 321 -211
		111 --> 22 22


-20413 mass: 2.4338 GeV
1477: 513 0 511 0 -20413 -13 14 
MC muon pt=12.6 eta=1.07 IP=3.09e-03
------------------  MC Truth -----------------
Bottom hadrons MC history
idx: 271, mother: 1
521 --> -421 111 213

idx: 329, mother: 5
-513 --> -511 22

idx: 519, mother: -513
-511 --> 10413 [1;32m13[0m [0;35m-14[0m



[Hard process] 5: 0.0107352, 0.0421262
Recognized B(s) -> D* mu X in MC particle 519: 
[1;36;m-511[0m --> 10413 [1;32m13[0m [0;35m-14[0m
	10413 --> [1;32m413[0m 111
		413 --> 421 211
			421 --> -321 211
		111 --> 22 22


10413 mass: 2.4091 GeV
519: -513 0 -511 0 10413 13 -14 
MC muon pt=14.6 eta=-0.86 IP=7.36e-05
------------------  MC Truth -----------------
Bottom hadrons MC history
idx: 232, mother: 5
-511 --> 20413 [1;32m13[0m [0;35m-14[0m

idx: 278, mother: 1
511 --> -411 [1;35m-11[0m [0;35m12[0m



[Hard process] 21: 0.0107603, 0.0416382
Recognized B(s) -> D* mu X in MC particle 232: 
[1;36;m-511[0m --> 20413 [1;32m13[0m [0;35m-14[0m
	20413 --> [1;32m413[0m 111
		413 --> 421 211
			421 --> -321 211
		111 --> 22 22


20413 mass: 2.2060 GeV
232: 5 0 -511 0 20413 13 -14 
MC muon pt=7.7 eta=0.37 IP=8.23e-03
------------------  MC Truth -----------------
Bottom hadrons MC history
idx: 570, mother: 1
511 --> -10413 [1;32m-13[0m [0;35m14[0m

idx: 594, mother: 5
-523 --> -521 22

idx: 962, mother: -523
-521 --> [1;32m413[0m -213 -311 -213



[Hard process] 21: 0.0109784, 0.0418725
Recognized B(s) -> D* mu X in MC particle 570: 
[1;36;m511[0m --> -10413 [1;32m-13[0m [0;35m14[0m
	-10413 --> [1;32m-413[0m 111
		-413 --> -421 -211
			-421 --> 321 -211
		111 --> 22 22


-10413 mass: 2.4489 GeV
570: 1 0 511 0 -10413 -13 14 
MC muon pt=7.1 eta=1.26 IP=8.85e-06
------------------  MC Truth -----------------
Bottom hadrons MC history
idx: 1484, mother: 21
-523 --> -521 22

idx: 2028, mother: -523
-521 --> [0;35m-12[0m [1;35m11[0m 423

idx: 2329, mother: 511
-511 --> 415 [1;32m13[0m [0;35m-14[0m



[Hard process] 5: 0.011325, 0.0416076
Recognized B(s) -> D* mu X in MC particle 2329: 
[1;36;m-511[0m --> 415 [1;32m13[0m [0;35m-14[0m
	415 --> [1;32m413[0m 111
		413 --> 421 211
			421 --> -321 211
		111 --> 22 22


415 mass: 2.5194 GeV
2329: 511 0 -511 0 415 13 -14 
MC muon pt=8.3 eta=0.29 IP=4.03e-02
